Tue Dec  5 06:58:08 2023       
+---------------------------------------------------------------------------------------+
| NVIDIA-SMI 535.104.12             Driver Version: 535.104.12   CUDA Version: 12.2     |
|-----------------------------------------+----------------------+----------------------+
| GPU  Name                 Persistence-M | Bus-Id        Disp.A | Volatile Uncorr. ECC |
| Fan  Temp   Perf          Pwr:Usage/Cap |         Memory-Usage | GPU-Util  Compute M. |
|                                         |                      |               MIG M. |
|=========================================+======================+======================|
|   0  Tesla V100-SXM2-32GB           On  | 00000000:15:00.0 Off |                    0 |
| N/A   38C    P0              41W / 300W |      0MiB / 32768MiB |      0%   E. Process |
|                                         |                      |                  N/A |
+-----------------------------------------+----------------------+----------------------+
|   1  Tesla V100-SXM2-32GB           On  | 00000000:3B:00.0 Off |                    0 |
| N/A   40C    P0              43W / 300W |      0MiB / 32768MiB |      0%   E. Process |
|                                         |                      |                  N/A |
+-----------------------------------------+----------------------+----------------------+
                                                                                         
+---------------------------------------------------------------------------------------+
| Processes:                                                                            |
|  GPU   GI   CI        PID   Type   Process name                            GPU Memory |
|        ID   ID                                                             Usage      |
|=======================================================================================|
|  No running processes found                                                           |
+---------------------------------------------------------------------------------------+
checking python bin location
/zhome/db/7/181395/miniconda3/bin/python3
training txt2motion diffusion model...
echo "experiment name md_GRABalldata_seed42"
experiment name md_GRABalldata_seed42
cd /dtu/blackhole/13/181395/MotionDiffuse/text2motion && /dtu/blackhole/13/181395/MotionDiffuse/env/bin/python3 -m tools.train \
--name md_GRABalldata_seed42 \
--batch_size 128 \
--times 50 \
--num_epochs 50 \
--dataset_name grab \
--num_layers 8 \
--diffusion_steps 1000 \
--data_parallel \
--gpu_id 0 1\
--experiment_name md_GRABalldata_seed42 \
--log_every 50 \
--seed 42 \
--use_wandb \
--wandb_user "alexciru" \
--experiment_name md_GRABalldata \

