Mon Dec  4 11:25:35 2023       
+---------------------------------------------------------------------------------------+
| NVIDIA-SMI 535.104.12             Driver Version: 535.104.12   CUDA Version: 12.2     |
|-----------------------------------------+----------------------+----------------------+
| GPU  Name                 Persistence-M | Bus-Id        Disp.A | Volatile Uncorr. ECC |
| Fan  Temp   Perf          Pwr:Usage/Cap |         Memory-Usage | GPU-Util  Compute M. |
|                                         |                      |               MIG M. |
|=========================================+======================+======================|
|   0  Tesla V100-PCIE-16GB           On  | 00000000:37:00.0 Off |                    0 |
| N/A   68C    P0             199W / 250W |   5304MiB / 16384MiB |    100%      Default |
|                                         |                      |                  N/A |
+-----------------------------------------+----------------------+----------------------+
                                                                                         
+---------------------------------------------------------------------------------------+
| Processes:                                                                            |
|  GPU   GI   CI        PID   Type   Process name                            GPU Memory |
|        ID   ID                                                             Usage      |
|=======================================================================================|
|    0   N/A  N/A      2977      C   python3                                    2464MiB |
|    0   N/A  N/A      3161      C   python3                                    2836MiB |
+---------------------------------------------------------------------------------------+
checking python bin location
/zhome/db/7/181395/miniconda3/bin/python3
training txt2motion diffusion model...
echo "experiment name alexExp"
experiment name alexExp
cd /dtu/blackhole/13/181395/MotionDiffuse/text2motion && /dtu/blackhole/13/181395/MotionDiffuse/env/bin/python3 -m tools.train \
--name md_alexExp \
--batch_size 1 \
--times 50 \
--num_epochs 50 \
--dataset_name grab \
--num_layers 8 \
--diffusion_steps 1000 \
--data_parallel \
--gpu_id 0 \
--use_wandb \
--wandb_user "alexciru" \
--experiment_name md_alexExp \

------------ Options -------------
batch_size: 1
checkpoints_dir: ./checkpoints
data_parallel: True
dataset_name: grab
decomp_name: Decomp_SP001_SM001_H512
diffusion_steps: 1000
dim_att_vec: 512
dim_dec_hidden: 1024
dim_movement_dec_hidden: 512
dim_movement_enc_hidden: 512
dim_movement_latent: 512
dim_pos_hidden: 1024
dim_pri_hidden: 1024
dim_text_hidden: 512
dim_z: 128
distributed: False
estimator_mod: bigru
eval_every_e: 5
experiment_name: md_alexExp
feat_bias: 25
gpu_id: [0]
is_continue: False
is_train: True
latent_dim: 512
log_every: 50
lr: 0.0002
max_text_len: 20
n_layers_dec: 1
n_layers_pos: 1
n_layers_pri: 1
name: md_alexExp
no_clip: False
no_eff: False
num_epochs: 50
num_layers: 8
save_every_e: 5
save_latest: 500
text_enc_mod: bigru
times: 50
unit_length: 4
use_wandb: True
wandb_user: alexciru
-------------- End ----------------
device id: 0
selected device ids: [0]
loading data root: ./data/GRAB
cwd is /dtu/blackhole/13/181395/MotionDiffuse/text2motion
train_split_file: ./data/GRAB/train.txt
split file: ./data/GRAB/train.txt
id-list length: 1
attempting to load motion for s5/airplane_pass_1 at ./data/GRAB/joints/s5/airplane_pass_1.npy
grab motion shape: (190, 212)
len of motion: 190
LOADED length of name_list: 1
loaded data, now training
epoch 0, logging to wandb every 50 iters
